<?xml version="1.0" encoding="UTF-8"?>
<!-- Generated by org.testng.reporters.JUnitReportReporter -->
<testsuite hostname="MANISHA" failures="0" tests="1" name="Parametarization.ExtentReport" time="11.582" errors="0" timestamp="2022-02-23T16:08:03 IST" skipped="0">
  <testcase classname="Parametarization.ExtentReport" name="googleTitleValidation" time="11.582"/>
  <system-out/>
</testsuite> <!-- Parametarization.ExtentReport -->
