<?xml version="1.0" encoding="UTF-8"?>
<!-- Generated by org.testng.reporters.JUnitReportReporter -->
<testsuite hostname="MANISHA" failures="0" tests="1" name="SeleniumPackages.dropdown" time="7.415" errors="0" timestamp="2022-02-22T20:45:06 IST" skipped="0">
  <testcase classname="SeleniumPackages.dropdown" name="setUp" time="7.415"/>
  <system-out/>
</testsuite> <!-- SeleniumPackages.dropdown -->
