<?xml version="1.0" encoding="UTF-8"?>
<!-- Generated by org.testng.reporters.JUnitReportReporter -->
<testsuite hostname="MANISHA" failures="0" tests="1" name="SeleniumPackages.SetupAssignment1" time="11.755" errors="0" timestamp="2022-02-22T19:45:30 IST" skipped="0">
  <testcase classname="SeleniumPackages.SetupAssignment1" name="setUp" time="11.755"/>
  <system-out/>
</testsuite> <!-- SeleniumPackages.SetupAssignment1 -->
