<?xml version="1.0" encoding="UTF-8"?>
<!-- Generated by org.testng.reporters.JUnitReportReporter -->
<testsuite hostname="MANISHA" failures="0" tests="3" name="Parametarization.dataprovider" time="40.091" errors="0" timestamp="2022-02-23T16:14:55 IST" skipped="0">
  <testcase classname="Parametarization.dataprovider" name="search" time="14.616"/>
  <system-out/>
  <testcase classname="Parametarization.dataprovider" name="search" time="11.017"/>
  <system-out/>
  <testcase classname="Parametarization.dataprovider" name="search" time="14.458"/>
  <system-out/>
</testsuite> <!-- Parametarization.dataprovider -->
